AlbaMobileAndroid/manifest-merger-release-report.txt
-- Merging decision tree log ---
manifest
ADDED from AndroidManifest.xml:2:1
	xmlns:android
		ADDED from AndroidManifest.xml:2:11
	package
		ADDED from AndroidManifest.xml:3:5
	android:versionName
		ADDED from AndroidManifest.xml:6:5
	android:versionCode
		ADDED from AndroidManifest.xml:5:5
		INJECTED from AndroidManifest.xml:0:0
		INJECTED from AndroidManifest.xml:0:0
	android:installLocation
		ADDED from AndroidManifest.xml:4:5
uses-sdk
ADDED from AndroidManifest.xml:8:5
MERGED from com.android.support:appcompat-v7:19.1.0:18:5
MERGED from com.google.android.gms:play-services:4.3.23:7:5
	android:targetSdkVersion
		ADDED from AndroidManifest.xml:10:9
		INJECTED from AndroidManifest.xml:0:0
		INJECTED from AndroidManifest.xml:0:0
	android:minSdkVersion
		ADDED from AndroidManifest.xml:9:9
		INJECTED from AndroidManifest.xml:0:0
		INJECTED from AndroidManifest.xml:0:0
uses-feature#0x00020000
ADDED from AndroidManifest.xml:12:5
	android:required
		ADDED from AndroidManifest.xml:14:9
	android:glEsVersion
		ADDED from AndroidManifest.xml:13:9
supports-screens
ADDED from AndroidManifest.xml:16:5
	android:largeScreens
		ADDED from AndroidManifest.xml:18:9
	android:anyDensity
		ADDED from AndroidManifest.xml:17:9
	android:normalScreens
		ADDED from AndroidManifest.xml:19:9
	android:xlargeScreens
		ADDED from AndroidManifest.xml:21:9
	android:smallScreens
		ADDED from AndroidManifest.xml:20:9
permission#es.albainformatica.android.mapasapi2.permission.MAPS_RECEIVE
ADDED from AndroidManifest.xml:23:5
	android:protectionLevel
		ADDED from AndroidManifest.xml:25:9
	android:name
		ADDED from AndroidManifest.xml:24:9
uses-feature#android.hardware.camera
ADDED from AndroidManifest.xml:27:5
	android:name
		ADDED from AndroidManifest.xml:27:19
uses-permission#android.permission.WRITE_EXTERNAL_STORAGE
ADDED from AndroidManifest.xml:28:5
	android:name
		ADDED from AndroidManifest.xml:28:22
uses-permission#android.permission.INTERNET
ADDED from AndroidManifest.xml:29:5
	android:name
		ADDED from AndroidManifest.xml:29:22
uses-permission#android.permission.BLUETOOTH
ADDED from AndroidManifest.xml:30:5
	android:name
		ADDED from AndroidManifest.xml:30:22
uses-permission#android.permission.BLUETOOTH_ADMIN
ADDED from AndroidManifest.xml:31:5
	android:name
		ADDED from AndroidManifest.xml:31:22
uses-permission#android.permission.CALL_PHONE
ADDED from AndroidManifest.xml:32:5
	android:name
		ADDED from AndroidManifest.xml:32:22
uses-permission#android.permission.ACCESS_NETWORK_STATE
ADDED from AndroidManifest.xml:33:5
	android:name
		ADDED from AndroidManifest.xml:33:22
uses-permission#com.google.android.providers.gsf.permission.READ_GSERVICES
ADDED from AndroidManifest.xml:34:5
	android:name
		ADDED from AndroidManifest.xml:34:22
uses-permission#android.permission.ACCESS_FINE_LOCATION
ADDED from AndroidManifest.xml:35:5
	android:name
		ADDED from AndroidManifest.xml:35:22
uses-permission#android.permission.RECEIVE_BOOT_COMPLETED
ADDED from AndroidManifest.xml:36:5
	android:name
		ADDED from AndroidManifest.xml:36:22
uses-permission#android.permission.READ_PHONE_STATE
ADDED from AndroidManifest.xml:37:5
	android:name
		ADDED from AndroidManifest.xml:37:22
application
ADDED from AndroidManifest.xml:39:5
MERGED from com.android.support:appcompat-v7:19.1.0:19:5
	android:label
		ADDED from AndroidManifest.xml:42:9
	android:allowBackup
		ADDED from AndroidManifest.xml:40:9
	android:icon
		ADDED from AndroidManifest.xml:41:9
	android:theme
		ADDED from AndroidManifest.xml:43:9
activity#es.albainformatica.albamobileandroid.actividades.Main
ADDED from AndroidManifest.xml:45:9
	android:screenOrientation
		ADDED from AndroidManifest.xml:48:13
	android:label
		ADDED from AndroidManifest.xml:47:13
	android:name
		ADDED from AndroidManifest.xml:46:13
intent-filter#android.intent.action.MAIN+android.intent.category.LAUNCHER
ADDED from AndroidManifest.xml:49:13
action#android.intent.action.MAIN
ADDED from AndroidManifest.xml:50:17
	android:name
		ADDED from AndroidManifest.xml:50:25
category#android.intent.category.LAUNCHER
ADDED from AndroidManifest.xml:52:17
	android:name
		ADDED from AndroidManifest.xml:52:27
activity#es.albainformatica.albamobileandroid.maestros.BuscarArticulos
ADDED from AndroidManifest.xml:55:9
	android:screenOrientation
		ADDED from AndroidManifest.xml:58:13
	android:label
		ADDED from AndroidManifest.xml:57:13
	android:name
		ADDED from AndroidManifest.xml:56:13
activity#es.albainformatica.albamobileandroid.maestros.BuscarClientes
ADDED from AndroidManifest.xml:59:9
	android:screenOrientation
		ADDED from AndroidManifest.xml:62:13
	android:label
		ADDED from AndroidManifest.xml:61:13
	android:name
		ADDED from AndroidManifest.xml:60:13
activity#es.albainformatica.albamobileandroid.maestros.FichaArticulos
ADDED from AndroidManifest.xml:63:9
	android:screenOrientation
		ADDED from AndroidManifest.xml:66:13
	android:label
		ADDED from AndroidManifest.xml:65:13
	android:name
		ADDED from AndroidManifest.xml:64:13
activity#es.albainformatica.albamobileandroid.maestros.FichaClientesActivity
ADDED from AndroidManifest.xml:67:9
	android:screenOrientation
		ADDED from AndroidManifest.xml:70:13
	android:label
		ADDED from AndroidManifest.xml:69:13
	android:name
		ADDED from AndroidManifest.xml:68:13
activity#es.albainformatica.albamobileandroid.actividades.BuscarRutas
ADDED from AndroidManifest.xml:71:9
	android:screenOrientation
		ADDED from AndroidManifest.xml:74:13
	android:label
		ADDED from AndroidManifest.xml:73:13
	android:name
		ADDED from AndroidManifest.xml:72:13
activity#es.albainformatica.albamobileandroid.ventas.VentasOld
ADDED from AndroidManifest.xml:75:9
	android:screenOrientation
		ADDED from AndroidManifest.xml:78:13
	android:label
		ADDED from AndroidManifest.xml:77:13
	android:name
		ADDED from AndroidManifest.xml:76:13
activity#es.albainformatica.albamobileandroid.ventas.VentasLineas
ADDED from AndroidManifest.xml:79:9
	android:screenOrientation
		ADDED from AndroidManifest.xml:82:13
	android:label
		ADDED from AndroidManifest.xml:81:13
	android:name
		ADDED from AndroidManifest.xml:80:13
activity#es.albainformatica.albamobileandroid.ventas.VentasFinDoc
ADDED from AndroidManifest.xml:83:9
	android:windowSoftInputMode
		ADDED from AndroidManifest.xml:87:13
	android:screenOrientation
		ADDED from AndroidManifest.xml:86:13
	android:label
		ADDED from AndroidManifest.xml:85:13
	android:name
		ADDED from AndroidManifest.xml:84:13
activity#es.albainformatica.albamobileandroid.comunicaciones.Enviar
ADDED from AndroidManifest.xml:88:9
	android:screenOrientation
		ADDED from AndroidManifest.xml:91:13
	android:label
		ADDED from AndroidManifest.xml:90:13
	android:name
		ADDED from AndroidManifest.xml:89:13
activity#es.albainformatica.albamobileandroid.comunicaciones.Recibir
ADDED from AndroidManifest.xml:92:9
	android:screenOrientation
		ADDED from AndroidManifest.xml:95:13
	android:label
		ADDED from AndroidManifest.xml:94:13
	android:name
		ADDED from AndroidManifest.xml:93:13
activity#es.albainformatica.albamobileandroid.ventas.VerDocumActivity
ADDED from AndroidManifest.xml:96:9
	android:screenOrientation
		ADDED from AndroidManifest.xml:99:13
	android:label
		ADDED from AndroidManifest.xml:98:13
	android:name
		ADDED from AndroidManifest.xml:97:13
activity#es.albainformatica.albamobileandroid.historicos.CargarHco
ADDED from AndroidManifest.xml:100:9
	android:screenOrientation
		ADDED from AndroidManifest.xml:103:13
	android:label
		ADDED from AndroidManifest.xml:102:13
	android:name
		ADDED from AndroidManifest.xml:101:13
activity#es.albainformatica.albamobileandroid.cobros.FichaCobros
ADDED from AndroidManifest.xml:104:9
	android:screenOrientation
		ADDED from AndroidManifest.xml:107:13
	android:label
		ADDED from AndroidManifest.xml:106:13
	android:name
		ADDED from AndroidManifest.xml:105:13
activity#es.albainformatica.albamobileandroid.cobros.InfCobros
ADDED from AndroidManifest.xml:108:9
	android:screenOrientation
		ADDED from AndroidManifest.xml:111:13
	android:label
		ADDED from AndroidManifest.xml:110:13
	android:name
		ADDED from AndroidManifest.xml:109:13
activity#es.albainformatica.albamobileandroid.cobros.Cobrar
ADDED from AndroidManifest.xml:112:9
	android:windowSoftInputMode
		ADDED from AndroidManifest.xml:116:13
	android:screenOrientation
		ADDED from AndroidManifest.xml:115:13
	android:label
		ADDED from AndroidManifest.xml:114:13
	android:name
		ADDED from AndroidManifest.xml:113:13
activity#es.albainformatica.albamobileandroid.actividades.Preferencias
ADDED from AndroidManifest.xml:117:9
	android:screenOrientation
		ADDED from AndroidManifest.xml:120:13
	android:label
		ADDED from AndroidManifest.xml:119:13
	android:name
		ADDED from AndroidManifest.xml:118:13
activity#es.albainformatica.albamobileandroid.impresion_informes.ImprimirDocumento
ADDED from AndroidManifest.xml:121:9
	android:screenOrientation
		ADDED from AndroidManifest.xml:123:13
	android:name
		ADDED from AndroidManifest.xml:122:13
activity#es.albainformatica.albamobileandroid.historicos.EditarHco
ADDED from AndroidManifest.xml:124:9
	android:screenOrientation
		ADDED from AndroidManifest.xml:127:13
	android:label
		ADDED from AndroidManifest.xml:126:13
	android:name
		ADDED from AndroidManifest.xml:125:13
activity#es.albainformatica.albamobileandroid.actividades.BuscarBluetooth
ADDED from AndroidManifest.xml:128:9
	android:screenOrientation
		ADDED from AndroidManifest.xml:131:13
	android:label
		ADDED from AndroidManifest.xml:130:13
	android:name
		ADDED from AndroidManifest.xml:129:13
activity#es.albainformatica.albamobileandroid.ventas.BuscarLotes
ADDED from AndroidManifest.xml:132:9
	android:screenOrientation
		ADDED from AndroidManifest.xml:135:13
	android:label
		ADDED from AndroidManifest.xml:134:13
	android:name
		ADDED from AndroidManifest.xml:133:13
activity#es.albainformatica.albamobileandroid.actividades.PedirPassword
ADDED from AndroidManifest.xml:136:9
	android:screenOrientation
		ADDED from AndroidManifest.xml:139:13
	android:label
		ADDED from AndroidManifest.xml:138:13
	android:theme
		ADDED from AndroidManifest.xml:140:13
	android:name
		ADDED from AndroidManifest.xml:137:13
activity#es.albainformatica.albamobileandroid.actividades.ConfMultisistema
ADDED from AndroidManifest.xml:141:9
	android:screenOrientation
		ADDED from AndroidManifest.xml:144:13
	android:label
		ADDED from AndroidManifest.xml:143:13
	android:theme
		ADDED from AndroidManifest.xml:145:13
	android:name
		ADDED from AndroidManifest.xml:142:13
activity#es.albainformatica.albamobileandroid.historicos.VerHcoArtCliente
ADDED from AndroidManifest.xml:146:9
	android:screenOrientation
		ADDED from AndroidManifest.xml:149:13
	android:label
		ADDED from AndroidManifest.xml:148:13
	android:name
		ADDED from AndroidManifest.xml:147:13
activity#es.albainformatica.albamobileandroid.comunicaciones.PedirNumExport
ADDED from AndroidManifest.xml:150:9
	android:screenOrientation
		ADDED from AndroidManifest.xml:153:13
	android:label
		ADDED from AndroidManifest.xml:152:13
	android:name
		ADDED from AndroidManifest.xml:151:13
activity#es.albainformatica.albamobileandroid.actividades.ActualizarApk
ADDED from AndroidManifest.xml:154:9
	android:screenOrientation
		ADDED from AndroidManifest.xml:157:13
	android:label
		ADDED from AndroidManifest.xml:156:13
	android:name
		ADDED from AndroidManifest.xml:155:13
activity#es.albainformatica.albamobileandroid.old_catalogo.CatalogoFichaArtic
ADDED from AndroidManifest.xml:158:7
	android:screenOrientation
		ADDED from AndroidManifest.xml:161:9
	android:label
		ADDED from AndroidManifest.xml:160:9
	android:name
		ADDED from AndroidManifest.xml:159:9
activity#es.albainformatica.albamobileandroid.old_catalogo.VerVideo
ADDED from AndroidManifest.xml:162:7
	android:configChanges
		ADDED from AndroidManifest.xml:165:9
	android:theme
		ADDED from AndroidManifest.xml:164:9
	android:name
		ADDED from AndroidManifest.xml:163:9
activity#es.albainformatica.albamobileandroid.old_catalogo.CatalogoGruposDep
ADDED from AndroidManifest.xml:166:7
	android:screenOrientation
		ADDED from AndroidManifest.xml:168:17
	android:label
		ADDED from AndroidManifest.xml:167:17
	android:name
		ADDED from AndroidManifest.xml:166:17
activity#es.albainformatica.albamobileandroid.old_catalogo.CatalogoArticulos
ADDED from AndroidManifest.xml:169:7
	android:screenOrientation
		ADDED from AndroidManifest.xml:171:17
	android:label
		ADDED from AndroidManifest.xml:170:17
	android:name
		ADDED from AndroidManifest.xml:169:17
activity#es.albainformatica.albamobileandroid.actividades.CatalogoPedirCant
ADDED from AndroidManifest.xml:172:7
	android:screenOrientation
		ADDED from AndroidManifest.xml:174:17
	android:label
		ADDED from AndroidManifest.xml:173:17
	android:theme
		ADDED from AndroidManifest.xml:175:17
	android:name
		ADDED from AndroidManifest.xml:172:17
activity#es.albainformatica.albamobileandroid.actividades.LineasCatalogo
ADDED from AndroidManifest.xml:176:7
	android:screenOrientation
		ADDED from AndroidManifest.xml:178:17
	android:label
		ADDED from AndroidManifest.xml:177:17
	android:name
		ADDED from AndroidManifest.xml:176:17
activity#es.albainformatica.albamobileandroid.actividades.CatalogoDatosDoc
ADDED from AndroidManifest.xml:179:7
	android:screenOrientation
		ADDED from AndroidManifest.xml:181:17
	android:label
		ADDED from AndroidManifest.xml:180:17
	android:name
		ADDED from AndroidManifest.xml:179:17
activity#es.albainformatica.albamobileandroid.actividades.Impresion
ADDED from AndroidManifest.xml:182:7
	android:screenOrientation
		ADDED from AndroidManifest.xml:184:17
	android:label
		ADDED from AndroidManifest.xml:183:17
	android:name
		ADDED from AndroidManifest.xml:182:17
activity#es.albainformatica.albamobileandroid.ventas.EditarDtosCascada
ADDED from AndroidManifest.xml:185:7
	android:screenOrientation
		ADDED from AndroidManifest.xml:187:17
	android:label
		ADDED from AndroidManifest.xml:186:17
	android:theme
		ADDED from AndroidManifest.xml:188:17
	android:name
		ADDED from AndroidManifest.xml:185:17
activity#es.albainformatica.albamobileandroid.ventas.VentasDatosLinea
ADDED from AndroidManifest.xml:189:7
	android:screenOrientation
		ADDED from AndroidManifest.xml:191:17
	android:label
		ADDED from AndroidManifest.xml:190:17
	android:name
		ADDED from AndroidManifest.xml:189:17
activity#es.albainformatica.albamobileandroid.reparto.FirmarDoc
ADDED from AndroidManifest.xml:192:7
	android:screenOrientation
		ADDED from AndroidManifest.xml:194:17
	android:label
		ADDED from AndroidManifest.xml:193:17
	android:name
		ADDED from AndroidManifest.xml:192:17
activity#es.albainformatica.albamobileandroid.old_catalogo.CatalogoClasificadores
ADDED from AndroidManifest.xml:195:7
	android:screenOrientation
		ADDED from AndroidManifest.xml:197:17
	android:label
		ADDED from AndroidManifest.xml:196:17
	android:name
		ADDED from AndroidManifest.xml:195:17
activity#es.albainformatica.albamobileandroid.old_catalogo.CatalogoCatalogos
ADDED from AndroidManifest.xml:198:7
	android:screenOrientation
		ADDED from AndroidManifest.xml:200:17
	android:label
		ADDED from AndroidManifest.xml:199:17
	android:name
		ADDED from AndroidManifest.xml:198:17
activity#es.albainformatica.albamobileandroid.ventas.VentasIncidencia
ADDED from AndroidManifest.xml:201:7
	android:screenOrientation
		ADDED from AndroidManifest.xml:203:17
	android:label
		ADDED from AndroidManifest.xml:202:17
	android:name
		ADDED from AndroidManifest.xml:201:17
service#es.albainformatica.albamobileandroid.LocationService
ADDED from AndroidManifest.xml:205:7
	android:exported
		ADDED from AndroidManifest.xml:208:9
	android:enabled
		ADDED from AndroidManifest.xml:207:9
	android:name
		ADDED from AndroidManifest.xml:206:9
receiver#es.albainformatica.albamobileandroid.ArrancaInicio
ADDED from AndroidManifest.xml:211:7
	android:name
		ADDED from AndroidManifest.xml:211:17
intent-filter#android.intent.action.BOOT_COMPLETED
ADDED from AndroidManifest.xml:212:9
action#android.intent.action.BOOT_COMPLETED
ADDED from AndroidManifest.xml:213:11
	android:name
		ADDED from AndroidManifest.xml:213:19
category#android.intent.category.HOME
ADDED from AndroidManifest.xml:214:13
	android:name
		ADDED from AndroidManifest.xml:214:23